2025-10-31T17:16:09.811+05:30  INFO 18964 --- [main] c.e.Farmer.FarmerManagementApplication   : Starting FarmerManagementApplication using Java 21.0.8 with PID 18964 (D:\Coding\FarmerManagement\target\classes started by Akshay in D:\Coding\FarmerManagement)
2025-10-31T17:16:09.820+05:30  INFO 18964 --- [main] c.e.Farmer.FarmerManagementApplication   : The following 1 profile is active: "dev"
2025-10-31T17:16:11.418+05:30  INFO 18964 --- [main] .s.d.r.c.RepositoryConfigurationDelegate : Bootstrapping Spring Data JPA repositories in DEFAULT mode.
2025-10-31T17:16:11.500+05:30  INFO 18964 --- [main] .s.d.r.c.RepositoryConfigurationDelegate : Finished Spring Data repository scanning in 70 ms. Found 5 JPA repository interfaces.
2025-10-31T17:16:12.582+05:30  INFO 18964 --- [main] o.s.b.w.embedded.tomcat.TomcatWebServer  : Tomcat initialized with port 8080 (http)
2025-10-31T17:16:12.596+05:30  INFO 18964 --- [main] o.apache.catalina.core.StandardService   : Starting service [Tomcat]
2025-10-31T17:16:12.596+05:30  INFO 18964 --- [main] o.apache.catalina.core.StandardEngine    : Starting Servlet engine: [Apache Tomcat/10.1.16]
2025-10-31T17:16:12.721+05:30  INFO 18964 --- [main] o.a.c.c.C.[Tomcat].[localhost].[/]       : Initializing Spring embedded WebApplicationContext
2025-10-31T17:16:12.722+05:30  INFO 18964 --- [main] w.s.c.ServletWebServerApplicationContext : Root WebApplicationContext: initialization completed in 2818 ms
2025-10-31T17:16:13.216+05:30  INFO 18964 --- [main] o.hibernate.jpa.internal.util.LogHelper  : HHH000204: Processing PersistenceUnitInfo [name: default]
2025-10-31T17:16:13.311+05:30  INFO 18964 --- [main] org.hibernate.Version                    : HHH000412: Hibernate ORM core version 6.3.1.Final
2025-10-31T17:16:13.364+05:30  INFO 18964 --- [main] o.h.c.internal.RegionFactoryInitiator    : HHH000026: Second-level cache disabled
2025-10-31T17:16:13.667+05:30  INFO 18964 --- [main] o.s.o.j.p.SpringPersistenceUnitInfo      : No LoadTimeWeaver setup: ignoring JPA class transformer
2025-10-31T17:16:13.695+05:30  INFO 18964 --- [main] com.zaxxer.hikari.HikariDataSource       : HikariPool-1 - Starting...
2025-10-31T17:16:14.177+05:30  INFO 18964 --- [main] com.zaxxer.hikari.pool.HikariPool        : HikariPool-1 - Added connection com.mysql.cj.jdbc.ConnectionImpl@5bdb9c69
2025-10-31T17:16:14.180+05:30  INFO 18964 --- [main] com.zaxxer.hikari.HikariDataSource       : HikariPool-1 - Start completed.
2025-10-31T17:16:15.532+05:30  INFO 18964 --- [main] o.h.e.t.j.p.i.JtaPlatformInitiator       : HHH000489: No JTA platform available (set 'hibernate.transaction.jta.platform' to enable JTA platform integration)
2025-10-31T17:16:15.634+05:30  INFO 18964 --- [main] j.LocalContainerEntityManagerFactoryBean : Initialized JPA EntityManagerFactory for persistence unit 'default'
2025-10-31T17:16:16.294+05:30  INFO 18964 --- [main] o.s.d.j.r.query.QueryEnhancerFactory     : Hibernate is in classpath; If applicable, HQL parser will be used.
2025-10-31T17:16:17.238+05:30  WARN 18964 --- [main] JpaBaseConfiguration$JpaWebConfiguration : spring.jpa.open-in-view is enabled by default. Therefore, database queries may be performed during view rendering. Explicitly configure spring.jpa.open-in-view to disable this warning
2025-10-31T17:16:18.397+05:30  INFO 18964 --- [main] o.s.b.a.e.web.EndpointLinksResolver      : Exposing 3 endpoint(s) beneath base path '/actuator'
2025-10-31T17:16:18.881+05:30  INFO 18964 --- [main] o.s.s.web.DefaultSecurityFilterChain     : Will secure any request with [org.springframework.security.web.session.DisableEncodeUrlFilter@43815bc, org.springframework.security.web.context.request.async.WebAsyncManagerIntegrationFilter@122bfaac, org.springframework.security.web.context.SecurityContextHolderFilter@c88a842, org.springframework.security.web.header.HeaderWriterFilter@5f84e764, org.springframework.web.filter.CorsFilter@7ae3591b, org.springframework.security.web.authentication.logout.LogoutFilter@1368e451, org.springframework.security.web.authentication.www.BasicAuthenticationFilter@4eef8498, org.springframework.security.web.savedrequest.RequestCacheAwareFilter@4e8e0052, org.springframework.security.web.servletapi.SecurityContextHolderAwareRequestFilter@71904ea8, org.springframework.security.web.authentication.AnonymousAuthenticationFilter@67954d71, org.springframework.security.web.session.SessionManagementFilter@34dc40d5, org.springframework.security.web.access.ExceptionTranslationFilter@4d57fc11, org.springframework.security.web.access.intercept.AuthorizationFilter@fc9313d]
2025-10-31T17:16:23.200+05:30  INFO 18964 --- [main] o.s.b.w.embedded.tomcat.TomcatWebServer  : Tomcat started on port 8080 (http) with context path ''
2025-10-31T17:16:23.245+05:30  INFO 18964 --- [main] c.e.Farmer.FarmerManagementApplication   : Started FarmerManagementApplication in 13.862 seconds (process running for 14.249)
2025-10-31T17:16:56.338+05:30  INFO 18964 --- [http-nio-8080-exec-2] o.a.c.c.C.[Tomcat].[localhost].[/]       : Initializing Spring DispatcherServlet 'dispatcherServlet'
2025-10-31T17:16:56.339+05:30  INFO 18964 --- [http-nio-8080-exec-2] o.s.web.servlet.DispatcherServlet        : Initializing Servlet 'dispatcherServlet'
2025-10-31T17:16:56.344+05:30  INFO 18964 --- [http-nio-8080-exec-2] o.s.web.servlet.DispatcherServlet        : Completed initialization in 5 ms
2025-10-31T17:16:56.422+05:30  WARN 18964 --- [http-nio-8080-exec-2] o.s.w.s.h.HandlerMappingIntrospector     : Cache miss for REQUEST dispatch to '/register' (previous null). Performing CorsConfiguration lookup. This is logged once only at WARN level, and every time at TRACE.
2025-10-31T17:16:56.439+05:30  WARN 18964 --- [http-nio-8080-exec-2] o.s.w.s.h.HandlerMappingIntrospector     : Cache miss for REQUEST dispatch to '/register' (previous null). Performing MatchableHandlerMapping lookup. This is logged once only at WARN level, and every time at TRACE.
2025-10-31T17:16:57.163+05:30  INFO 18964 --- [http-nio-8080-exec-2] c.e.Farmer.controller.UserController     : Registered new user : akshay
2025-10-31T17:17:15.396+05:30  INFO 18964 --- [http-nio-8080-exec-6] com.example.Farmer.Aop.LoggerAspect      : Method 'getAllFarmers' called with no arguments
2025-10-31T17:17:15.437+05:30  INFO 18964 --- [http-nio-8080-exec-6] com.example.Farmer.Aop.LoggerAspect      : Method 'getAllFarmers' executed with no arguments
2025-10-31T17:19:59.602+05:30  INFO 18964 --- [SpringApplicationShutdownHook] j.LocalContainerEntityManagerFactoryBean : Closing JPA EntityManagerFactory for persistence unit 'default'
2025-10-31T17:19:59.605+05:30  INFO 18964 --- [SpringApplicationShutdownHook] com.zaxxer.hikari.HikariDataSource       : HikariPool-1 - Shutdown initiated...
2025-10-31T17:19:59.617+05:30  INFO 18964 --- [SpringApplicationShutdownHook] com.zaxxer.hikari.HikariDataSource       : HikariPool-1 - Shutdown completed.
2025-10-31T17:22:59.610+05:30  INFO 1048 --- [main] c.e.Farmer.FarmerManagementApplication   : Starting FarmerManagementApplication using Java 21.0.8 with PID 1048 (D:\Coding\FarmerManagement\target\classes started by Akshay in D:\Coding\FarmerManagement)
2025-10-31T17:22:59.613+05:30  INFO 1048 --- [main] c.e.Farmer.FarmerManagementApplication   : The following 1 profile is active: "dev"
2025-10-31T17:23:00.971+05:30  INFO 1048 --- [main] .s.d.r.c.RepositoryConfigurationDelegate : Bootstrapping Spring Data JPA repositories in DEFAULT mode.
2025-10-31T17:23:01.084+05:30  INFO 1048 --- [main] .s.d.r.c.RepositoryConfigurationDelegate : Finished Spring Data repository scanning in 103 ms. Found 5 JPA repository interfaces.
2025-10-31T17:23:02.355+05:30  INFO 1048 --- [main] o.s.b.w.embedded.tomcat.TomcatWebServer  : Tomcat initialized with port 8080 (http)
2025-10-31T17:23:02.372+05:30  INFO 1048 --- [main] o.apache.catalina.core.StandardService   : Starting service [Tomcat]
2025-10-31T17:23:02.373+05:30  INFO 1048 --- [main] o.apache.catalina.core.StandardEngine    : Starting Servlet engine: [Apache Tomcat/10.1.16]
2025-10-31T17:23:02.543+05:30  INFO 1048 --- [main] o.a.c.c.C.[Tomcat].[localhost].[/]       : Initializing Spring embedded WebApplicationContext
2025-10-31T17:23:02.544+05:30  INFO 1048 --- [main] w.s.c.ServletWebServerApplicationContext : Root WebApplicationContext: initialization completed in 2868 ms
2025-10-31T17:23:03.136+05:30  INFO 1048 --- [main] o.hibernate.jpa.internal.util.LogHelper  : HHH000204: Processing PersistenceUnitInfo [name: default]
2025-10-31T17:23:03.225+05:30  INFO 1048 --- [main] org.hibernate.Version                    : HHH000412: Hibernate ORM core version 6.3.1.Final
2025-10-31T17:23:03.276+05:30  INFO 1048 --- [main] o.h.c.internal.RegionFactoryInitiator    : HHH000026: Second-level cache disabled
2025-10-31T17:23:03.595+05:30  INFO 1048 --- [main] o.s.o.j.p.SpringPersistenceUnitInfo      : No LoadTimeWeaver setup: ignoring JPA class transformer
2025-10-31T17:23:03.635+05:30  INFO 1048 --- [main] com.zaxxer.hikari.HikariDataSource       : HikariPool-1 - Starting...
2025-10-31T17:23:04.060+05:30  INFO 1048 --- [main] com.zaxxer.hikari.pool.HikariPool        : HikariPool-1 - Added connection com.mysql.cj.jdbc.ConnectionImpl@61288814
2025-10-31T17:23:04.062+05:30  INFO 1048 --- [main] com.zaxxer.hikari.HikariDataSource       : HikariPool-1 - Start completed.
2025-10-31T17:23:05.127+05:30  INFO 1048 --- [main] o.h.e.t.j.p.i.JtaPlatformInitiator       : HHH000489: No JTA platform available (set 'hibernate.transaction.jta.platform' to enable JTA platform integration)
2025-10-31T17:23:05.267+05:30  INFO 1048 --- [main] j.LocalContainerEntityManagerFactoryBean : Initialized JPA EntityManagerFactory for persistence unit 'default'
2025-10-31T17:23:05.831+05:30  INFO 1048 --- [main] o.s.d.j.r.query.QueryEnhancerFactory     : Hibernate is in classpath; If applicable, HQL parser will be used.
2025-10-31T17:23:06.274+05:30  WARN 1048 --- [main] JpaBaseConfiguration$JpaWebConfiguration : spring.jpa.open-in-view is enabled by default. Therefore, database queries may be performed during view rendering. Explicitly configure spring.jpa.open-in-view to disable this warning
2025-10-31T17:23:06.842+05:30  INFO 1048 --- [main] o.s.b.a.e.web.EndpointLinksResolver      : Exposing 3 endpoint(s) beneath base path '/actuator'
2025-10-31T17:23:06.915+05:30  INFO 1048 --- [main] o.s.s.web.DefaultSecurityFilterChain     : Will secure any request with [org.springframework.security.web.session.DisableEncodeUrlFilter@1d3f5482, org.springframework.security.web.context.request.async.WebAsyncManagerIntegrationFilter@67e255cf, org.springframework.security.web.context.SecurityContextHolderFilter@26bd2d7d, org.springframework.security.web.header.HeaderWriterFilter@60eacbbf, org.springframework.web.filter.CorsFilter@1bb90d4d, org.springframework.security.web.authentication.logout.LogoutFilter@42e20500, org.springframework.security.web.authentication.www.BasicAuthenticationFilter@5f6ae1d, org.springframework.security.web.savedrequest.RequestCacheAwareFilter@2cf29dce, org.springframework.security.web.servletapi.SecurityContextHolderAwareRequestFilter@12ec5e73, org.springframework.security.web.authentication.AnonymousAuthenticationFilter@e1f88b6, org.springframework.security.web.session.SessionManagementFilter@43b41cb9, org.springframework.security.web.access.ExceptionTranslationFilter@582b6362, org.springframework.security.web.access.intercept.AuthorizationFilter@776d50d6]
2025-10-31T17:23:07.518+05:30  INFO 1048 --- [main] o.s.b.w.embedded.tomcat.TomcatWebServer  : Tomcat started on port 8080 (http) with context path ''
2025-10-31T17:23:07.530+05:30  INFO 1048 --- [main] c.e.Farmer.FarmerManagementApplication   : Started FarmerManagementApplication in 8.416 seconds (process running for 8.809)
2025-10-31T17:23:16.044+05:30  INFO 1048 --- [http-nio-8080-exec-2] o.a.c.c.C.[Tomcat].[localhost].[/]       : Initializing Spring DispatcherServlet 'dispatcherServlet'
2025-10-31T17:23:16.045+05:30  INFO 1048 --- [http-nio-8080-exec-2] o.s.web.servlet.DispatcherServlet        : Initializing Servlet 'dispatcherServlet'
2025-10-31T17:23:16.049+05:30  INFO 1048 --- [http-nio-8080-exec-2] o.s.web.servlet.DispatcherServlet        : Completed initialization in 4 ms
2025-10-31T17:23:16.147+05:30  WARN 1048 --- [http-nio-8080-exec-2] o.s.w.s.h.HandlerMappingIntrospector     : Cache miss for REQUEST dispatch to '/farmer/all' (previous null). Performing CorsConfiguration lookup. This is logged once only at WARN level, and every time at TRACE.
2025-10-31T17:23:17.087+05:30  WARN 1048 --- [http-nio-8080-exec-2] o.s.w.s.h.HandlerMappingIntrospector     : Cache miss for REQUEST dispatch to '/farmer/all' (previous null). Performing MatchableHandlerMapping lookup. This is logged once only at WARN level, and every time at TRACE.
2025-10-31T17:23:17.145+05:30  INFO 1048 --- [http-nio-8080-exec-2] com.example.Farmer.Aop.LoggerAspect      : User 'akshay' called method 'getAllFarmers' with no arguments
2025-10-31T17:23:17.217+05:30  INFO 1048 --- [http-nio-8080-exec-2] com.example.Farmer.Aop.LoggerAspect      : User 'akshay' executed method 'getAllFarmers' with no arguments
2025-10-31T17:23:40.935+05:30  WARN 1048 --- [http-nio-8080-exec-3] o.s.s.c.bcrypt.BCryptPasswordEncoder     : Encoded password does not look like BCrypt
2025-10-31T17:24:49.013+05:30  INFO 1048 --- [SpringApplicationShutdownHook] j.LocalContainerEntityManagerFactoryBean : Closing JPA EntityManagerFactory for persistence unit 'default'
2025-10-31T17:24:49.016+05:30  INFO 1048 --- [SpringApplicationShutdownHook] com.zaxxer.hikari.HikariDataSource       : HikariPool-1 - Shutdown initiated...
2025-10-31T17:24:49.025+05:30  INFO 1048 --- [SpringApplicationShutdownHook] com.zaxxer.hikari.HikariDataSource       : HikariPool-1 - Shutdown completed.
2025-10-31T17:24:54.688+05:30  INFO 22244 --- [main] c.e.Farmer.FarmerManagementApplication   : Starting FarmerManagementApplication using Java 21.0.8 with PID 22244 (D:\Coding\FarmerManagement\target\classes started by Akshay in D:\Coding\FarmerManagement)
2025-10-31T17:24:54.692+05:30  INFO 22244 --- [main] c.e.Farmer.FarmerManagementApplication   : The following 1 profile is active: "dev"
2025-10-31T17:24:55.939+05:30  INFO 22244 --- [main] .s.d.r.c.RepositoryConfigurationDelegate : Bootstrapping Spring Data JPA repositories in DEFAULT mode.
2025-10-31T17:24:56.042+05:30  INFO 22244 --- [main] .s.d.r.c.RepositoryConfigurationDelegate : Finished Spring Data repository scanning in 94 ms. Found 5 JPA repository interfaces.
2025-10-31T17:24:57.366+05:30  INFO 22244 --- [main] o.s.b.w.embedded.tomcat.TomcatWebServer  : Tomcat initialized with port 8080 (http)
2025-10-31T17:24:57.377+05:30  INFO 22244 --- [main] o.apache.catalina.core.StandardService   : Starting service [Tomcat]
2025-10-31T17:24:57.377+05:30  INFO 22244 --- [main] o.apache.catalina.core.StandardEngine    : Starting Servlet engine: [Apache Tomcat/10.1.16]
2025-10-31T17:24:57.479+05:30  INFO 22244 --- [main] o.a.c.c.C.[Tomcat].[localhost].[/]       : Initializing Spring embedded WebApplicationContext
2025-10-31T17:24:57.479+05:30  INFO 22244 --- [main] w.s.c.ServletWebServerApplicationContext : Root WebApplicationContext: initialization completed in 2726 ms
2025-10-31T17:24:58.013+05:30  INFO 22244 --- [main] o.hibernate.jpa.internal.util.LogHelper  : HHH000204: Processing PersistenceUnitInfo [name: default]
2025-10-31T17:24:58.110+05:30  INFO 22244 --- [main] org.hibernate.Version                    : HHH000412: Hibernate ORM core version 6.3.1.Final
2025-10-31T17:24:58.190+05:30  INFO 22244 --- [main] o.h.c.internal.RegionFactoryInitiator    : HHH000026: Second-level cache disabled
2025-10-31T17:24:58.473+05:30  INFO 22244 --- [main] o.s.o.j.p.SpringPersistenceUnitInfo      : No LoadTimeWeaver setup: ignoring JPA class transformer
2025-10-31T17:24:58.500+05:30  INFO 22244 --- [main] com.zaxxer.hikari.HikariDataSource       : HikariPool-1 - Starting...
2025-10-31T17:24:58.837+05:30  INFO 22244 --- [main] com.zaxxer.hikari.pool.HikariPool        : HikariPool-1 - Added connection com.mysql.cj.jdbc.ConnectionImpl@61288814
2025-10-31T17:24:58.839+05:30  INFO 22244 --- [main] com.zaxxer.hikari.HikariDataSource       : HikariPool-1 - Start completed.
2025-10-31T17:24:59.701+05:30  INFO 22244 --- [main] o.h.e.t.j.p.i.JtaPlatformInitiator       : HHH000489: No JTA platform available (set 'hibernate.transaction.jta.platform' to enable JTA platform integration)
2025-10-31T17:24:59.882+05:30  INFO 22244 --- [main] j.LocalContainerEntityManagerFactoryBean : Initialized JPA EntityManagerFactory for persistence unit 'default'
2025-10-31T17:25:00.431+05:30  INFO 22244 --- [main] o.s.d.j.r.query.QueryEnhancerFactory     : Hibernate is in classpath; If applicable, HQL parser will be used.
2025-10-31T17:25:00.917+05:30  WARN 22244 --- [main] JpaBaseConfiguration$JpaWebConfiguration : spring.jpa.open-in-view is enabled by default. Therefore, database queries may be performed during view rendering. Explicitly configure spring.jpa.open-in-view to disable this warning
2025-10-31T17:25:01.572+05:30  INFO 22244 --- [main] o.s.b.a.e.web.EndpointLinksResolver      : Exposing 3 endpoint(s) beneath base path '/actuator'
2025-10-31T17:25:01.654+05:30  INFO 22244 --- [main] o.s.s.web.DefaultSecurityFilterChain     : Will secure any request with [org.springframework.security.web.session.DisableEncodeUrlFilter@246701d5, org.springframework.security.web.context.request.async.WebAsyncManagerIntegrationFilter@1ac8f29c, org.springframework.security.web.context.SecurityContextHolderFilter@2380e8d4, org.springframework.security.web.header.HeaderWriterFilter@33ea437a, org.springframework.web.filter.CorsFilter@1d07d728, org.springframework.security.web.authentication.logout.LogoutFilter@69e346b3, org.springframework.security.web.authentication.www.BasicAuthenticationFilter@6bb2dae6, org.springframework.security.web.savedrequest.RequestCacheAwareFilter@679f3e12, org.springframework.security.web.servletapi.SecurityContextHolderAwareRequestFilter@71de943f, org.springframework.security.web.authentication.AnonymousAuthenticationFilter@6d98e607, org.springframework.security.web.session.SessionManagementFilter@68330024, org.springframework.security.web.access.ExceptionTranslationFilter@35cf7e98, org.springframework.security.web.access.intercept.AuthorizationFilter@41e156ee]
2025-10-31T17:25:02.515+05:30  INFO 22244 --- [main] o.s.b.w.embedded.tomcat.TomcatWebServer  : Tomcat started on port 8080 (http) with context path ''
2025-10-31T17:25:02.529+05:30  INFO 22244 --- [main] c.e.Farmer.FarmerManagementApplication   : Started FarmerManagementApplication in 8.328 seconds (process running for 8.692)
2025-10-31T17:25:18.900+05:30  INFO 22244 --- [http-nio-8080-exec-1] o.a.c.c.C.[Tomcat].[localhost].[/]       : Initializing Spring DispatcherServlet 'dispatcherServlet'
2025-10-31T17:25:18.901+05:30  INFO 22244 --- [http-nio-8080-exec-1] o.s.web.servlet.DispatcherServlet        : Initializing Servlet 'dispatcherServlet'
2025-10-31T17:25:18.904+05:30  INFO 22244 --- [http-nio-8080-exec-1] o.s.web.servlet.DispatcherServlet        : Completed initialization in 2 ms
2025-10-31T17:25:18.966+05:30  WARN 22244 --- [http-nio-8080-exec-1] o.s.w.s.h.HandlerMappingIntrospector     : Cache miss for REQUEST dispatch to '/register' (previous null). Performing CorsConfiguration lookup. This is logged once only at WARN level, and every time at TRACE.
2025-10-31T17:25:18.980+05:30  WARN 22244 --- [http-nio-8080-exec-1] o.s.w.s.h.HandlerMappingIntrospector     : Cache miss for REQUEST dispatch to '/register' (previous null). Performing MatchableHandlerMapping lookup. This is logged once only at WARN level, and every time at TRACE.
2025-10-31T17:25:19.672+05:30  INFO 22244 --- [http-nio-8080-exec-1] c.e.Farmer.controller.UserController     : Registered new user : akshay
2025-10-31T17:25:34.892+05:30  INFO 22244 --- [http-nio-8080-exec-4] c.e.Farmer.controller.UserController     : Registered new user : varun
2025-10-31T17:25:53.860+05:30  INFO 22244 --- [http-nio-8080-exec-2] com.example.Farmer.Aop.LoggerAspect      : User 'akshay' called method 'getAllFarmers' with no arguments
2025-10-31T17:25:53.918+05:30  INFO 22244 --- [http-nio-8080-exec-2] com.example.Farmer.Aop.LoggerAspect      : User 'akshay' executed method 'getAllFarmers' with no arguments
2025-10-31T17:26:12.561+05:30  INFO 22244 --- [http-nio-8080-exec-7] com.example.Farmer.Aop.LoggerAspect      : User 'varun' called method 'getAllFarmers' with no arguments
2025-10-31T17:26:12.586+05:30  INFO 22244 --- [http-nio-8080-exec-7] com.example.Farmer.Aop.LoggerAspect      : User 'varun' executed method 'getAllFarmers' with no arguments
